  hangman.c
c:\users\dmsdk\documents\visual studio 2017\projects\consoleapplication9\consoleapplication9\hangman.c(46): warning C4244: '함수': 'time_t'에서 'unsigned int'(으)로 변환하면서 데이터가 손실될 수 있습니다.
c:\users\dmsdk\documents\visual studio 2017\projects\consoleapplication9\consoleapplication9\hangman.c(48): warning C4018: '<': signed 또는 unsigned가 일치하지 않습니다.
c:\users\dmsdk\documents\visual studio 2017\projects\consoleapplication9\consoleapplication9\hangman.c(47): warning C4996: 'strcpy': This function or variable may be unsafe. Consider using strcpy_s instead. To disable deprecation, use _CRT_SECURE_NO_WARNINGS. See online help for details.
  c:\program files (x86)\windows kits\10\include\10.0.15063.0\ucrt\string.h(136): note: 'strcpy' 선언을 참조하십시오.
c:\users\dmsdk\documents\visual studio 2017\projects\consoleapplication9\consoleapplication9\hangman.c(85): warning C4018: '<': signed 또는 unsigned가 일치하지 않습니다.
c:\users\dmsdk\documents\visual studio 2017\projects\consoleapplication9\consoleapplication9\hangman.c(89): warning C4018: '<': signed 또는 unsigned가 일치하지 않습니다.
c:\users\dmsdk\documents\visual studio 2017\projects\consoleapplication9\consoleapplication9\hangman.c(93): warning C4018: '<': signed 또는 unsigned가 일치하지 않습니다.
c:\users\dmsdk\documents\visual studio 2017\projects\consoleapplication9\consoleapplication9\hangman.c(190): warning C4018: '<': signed 또는 unsigned가 일치하지 않습니다.
c:\users\dmsdk\documents\visual studio 2017\projects\consoleapplication9\consoleapplication9\hangman.c(196): warning C4018: '<': signed 또는 unsigned가 일치하지 않습니다.
c:\users\dmsdk\documents\visual studio 2017\projects\consoleapplication9\consoleapplication9\hangman.c(204): warning C4018: '<': signed 또는 unsigned가 일치하지 않습니다.
c:\users\dmsdk\documents\visual studio 2017\projects\consoleapplication9\consoleapplication9\hangman.c(220): warning C4098: 'Game': 'void' 함수에서 값을 반환하고 있습니다.
c:\users\dmsdk\documents\visual studio 2017\projects\consoleapplication9\consoleapplication9\hangman.c(193): warning C4996: 'scanf': This function or variable may be unsafe. Consider using scanf_s instead. To disable deprecation, use _CRT_SECURE_NO_WARNINGS. See online help for details.
  c:\program files (x86)\windows kits\10\include\10.0.15063.0\ucrt\stdio.h(1272): note: 'scanf' 선언을 참조하십시오.
c:\users\dmsdk\documents\visual studio 2017\projects\consoleapplication9\consoleapplication9\hangman.c(194): warning C4996: 'scanf': This function or variable may be unsafe. Consider using scanf_s instead. To disable deprecation, use _CRT_SECURE_NO_WARNINGS. See online help for details.
  c:\program files (x86)\windows kits\10\include\10.0.15063.0\ucrt\stdio.h(1272): note: 'scanf' 선언을 참조하십시오.
c:\users\dmsdk\documents\visual studio 2017\projects\consoleapplication9\consoleapplication9\hangman.c(244): warning C4996: 'scanf': This function or variable may be unsafe. Consider using scanf_s instead. To disable deprecation, use _CRT_SECURE_NO_WARNINGS. See online help for details.
  c:\program files (x86)\windows kits\10\include\10.0.15063.0\ucrt\stdio.h(1272): note: 'scanf' 선언을 참조하십시오.
c:\users\dmsdk\documents\visual studio 2017\projects\consoleapplication9\consoleapplication9\hangman.c(234): warning C4101: 'i' :참조되지 않은 지역 변수입니다.
c:\users\dmsdk\documents\visual studio 2017\projects\consoleapplication9\consoleapplication9\hangman.c(260): warning C4715: 'endscreen': 모든 제어 경로에서 값을 반환하지는 않습니다.
c:\users\dmsdk\documents\visual studio 2017\projects\consoleapplication9\consoleapplication9\hangman.c(273): warning C4716: 'award': 값을 반환해야 합니다.
  ConsoleApplication9.vcxproj -> c:\users\dmsdk\documents\visual studio 2017\Projects\ConsoleApplication9\Debug\ConsoleApplication9.exe
  ConsoleApplication9.vcxproj -> c:\users\dmsdk\documents\visual studio 2017\Projects\ConsoleApplication9\Debug\ConsoleApplication9.pdb (Partial PDB)
